This is pdfTeX, Version 3.14159265-2.6-1.40.19 (TeX Live 2018/W32TeX) (preloaded format=pdflatex 2019.5.1)  4 JUL 2019 08:31
entering extended mode
 restricted \write18 enabled.
 file:line:error style messages enabled.
 %&-line parsing enabled.
**c:/Users/ryoga/Documents/ClassExperiment/5th/4_1/text.tex
(c:/Users/ryoga/Documents/ClassExperiment/5th/4_1/text.tex
LaTeX2e <2018-12-01>
(c:/Users/ryoga/Documents/ClassExperiment/5th/4_1/./setting.tex (c:/texlive/2018/texmf-dist/tex/latex/bxjscls/bxjsarticle.cls
Document Class: bxjsarticle 2019/01/13 v1.9e BXJS document classes
(c:/texlive/2018/texmf-dist/tex/latex/tools/calc.sty
Package: calc 2017/05/25 v4.3 Infix arithmetic (KKT,FJ)
\calc@Acount=\count80
\calc@Bcount=\count81
\calc@Adimen=\dimen102
\calc@Bdimen=\dimen103
\calc@Askip=\skip41
\calc@Bskip=\skip42
LaTeX Info: Redefining \setlength on input line 80.
LaTeX Info: Redefining \addtolength on input line 81.
\calc@Ccount=\count82
\calc@Cskip=\skip43
) (c:/texlive/2018/texmf-dist/tex/latex/graphics/keyval.sty
Package: keyval 2014/10/28 v1.15 key=value parser (DPC)
\KV@toks@=\toks14
) (c:/texlive/2018/texmf-dist/tex/latex/bxjscls/bxjscompat.sty
Package: bxjscompat 2019/01/13 v1.9e BXJS document classes
) (c:/texlive/2018/texmf-dist/tex/generic/oberdiek/ifpdf.sty
Package: ifpdf 2018/09/07 v3.3 Provides the ifpdf switch
)
\stockwidth=\dimen104
\stockheight=\dimen105
\jsc@mpt=\dimen106
\jsc@mmm=\dimen107
\jsZw=\dimen108
\jsc@smallskipamount=\skip44
\Cht=\dimen109
\Cdp=\dimen110
\Cwd=\dimen111
\Cvs=\dimen112
\Chs=\dimen113
\fullwidth=\dimen114
 (c:/texlive/2018/texmf-dist/tex/latex/geometry/geometry.sty
Package: geometry 2018/04/16 v5.8 Page Geometry
 (c:/texlive/2018/texmf-dist/tex/generic/oberdiek/ifvtex.sty
Package: ifvtex 2016/05/16 v1.6 Detect VTeX and its facilities (HO)
Package ifvtex Info: VTeX not detected.
) (c:/texlive/2018/texmf-dist/tex/generic/ifxetex/ifxetex.sty
Package: ifxetex 2010/09/12 v0.6 Provides ifxetex conditional
)
\Gm@cnth=\count83
\Gm@cntv=\count84
\c@Gm@tempcnt=\count85
\Gm@bindingoffset=\dimen115
\Gm@wd@mp=\dimen116
\Gm@odd@mp=\dimen117
\Gm@even@mp=\dimen118
\Gm@layoutwidth=\dimen119
\Gm@layoutheight=\dimen120
\Gm@layouthoffset=\dimen121
\Gm@layoutvoffset=\dimen122
\Gm@dimlist=\toks15
)
\c@part=\count86
\c@section=\count87
\c@subsection=\count88
\c@subsubsection=\count89
\c@paragraph=\count90
\c@subparagraph=\count91
\@abstractbox=\box27
\c@figure=\count92
\c@table=\count93
\abovecaptionskip=\skip45
\belowcaptionskip=\skip46
\jsc@tocl@width=\dimen123
\@lnumwidth=\dimen124
\bibindent=\dimen125
 (c:/texlive/2018/texmf-dist/tex/latex/bxwareki/bxwareki.sty
Package: bxwareki 2018/10/01 v0.4
\c@warekiyear=\count94
 (c:/texlive/2018/texmf-dist/tex/latex/bxwareki/bxwareki-cd.def
File: bxwareki-cd.def 2018/10/01 v0.4
)) (c:/texlive/2018/texmf-dist/tex/latex/bxjscls/bxjsja-standard.def
File: bxjsja-standard.def 2019/01/13 v1.9e BXJS document classes
 (c:/texlive/2018/texmf-dist/tex/latex/bxjscls/bxjsja-minimal.def
File: bxjsja-minimal.def 2019/01/13 v1.9e BXJS document classes
\everypar=\toks16
) (c:/texlive/2018/texmf-dist/tex/latex/bxcjkjatype/bxcjkjatype.sty
Package: bxcjkjatype 2016/10/15 v0.3
Package bxcjkjatype Info: Driver auto-detected: pdftex on input line 144.
 (c:/texlive/2018/texmf-dist/tex/latex/cjk/texinput/CJK.sty
Package: CJK 2015/04/18 4.8.4
 (c:/texlive/2018/texmf-dist/tex/latex/cjk/texinput/mule/MULEenc.sty
Package: MULEenc 2015/04/18 4.8.4
) (c:/texlive/2018/texmf-dist/tex/latex/cjk/texinput/CJK.enc
File: CJK.enc 2015/04/18 4.8.4
Now handling font encoding C00 ...
... no UTF-8 mapping file for font encoding C00
Now handling font encoding C05 ...
... no UTF-8 mapping file for font encoding C05
Now handling font encoding C09 ...
... no UTF-8 mapping file for font encoding C09
Now handling font encoding C10 ...
... no UTF-8 mapping file for font encoding C10
Now handling font encoding C20 ...
... no UTF-8 mapping file for font encoding C20
Now handling font encoding C19 ...
... no UTF-8 mapping file for font encoding C19
Now handling font encoding C40 ...
... no UTF-8 mapping file for font encoding C40
Now handling font encoding C42 ...
... no UTF-8 mapping file for font encoding C42
Now handling font encoding C43 ...
... no UTF-8 mapping file for font encoding C43
Now handling font encoding C50 ...
... no UTF-8 mapping file for font encoding C50
Now handling font encoding C52 ...
... no UTF-8 mapping file for font encoding C52
Now handling font encoding C49 ...
... no UTF-8 mapping file for font encoding C49
Now handling font encoding C60 ...
... no UTF-8 mapping file for font encoding C60
Now handling font encoding C61 ...
... no UTF-8 mapping file for font encoding C61
Now handling font encoding C63 ...
... no UTF-8 mapping file for font encoding C63
Now handling font encoding C64 ...
... no UTF-8 mapping file for font encoding C64
Now handling font encoding C65 ...
... no UTF-8 mapping file for font encoding C65
Now handling font encoding C70 ...
... no UTF-8 mapping file for font encoding C70
Now handling font encoding C31 ...
... no UTF-8 mapping file for font encoding C31
Now handling font encoding C32 ...
... no UTF-8 mapping file for font encoding C32
Now handling font encoding C33 ...
... no UTF-8 mapping file for font encoding C33
Now handling font encoding C34 ...
... no UTF-8 mapping file for font encoding C34
Now handling font encoding C35 ...
... no UTF-8 mapping file for font encoding C35
Now handling font encoding C36 ...
... no UTF-8 mapping file for font encoding C36
Now handling font encoding C37 ...
... no UTF-8 mapping file for font encoding C37
Now handling font encoding C80 ...
... no UTF-8 mapping file for font encoding C80
Now handling font encoding C81 ...
... no UTF-8 mapping file for font encoding C81
Now handling font encoding C01 ...
... no UTF-8 mapping file for font encoding C01
Now handling font encoding C11 ...
... no UTF-8 mapping file for font encoding C11
Now handling font encoding C21 ...
... no UTF-8 mapping file for font encoding C21
Now handling font encoding C41 ...
... no UTF-8 mapping file for font encoding C41
Now handling font encoding C62 ...
... no UTF-8 mapping file for font encoding C62
)
LaTeX Info: Redefining \selectfont on input line 755.
\CJK@indent=\box28
) (c:/texlive/2018/texmf-dist/tex/latex/cjk/texinput/CJKutf8.sty
Package: CJKutf8 2015/04/18 4.8.4
 (c:/texlive/2018/texmf-dist/tex/latex/base/inputenc.sty
Package: inputenc 2018/08/11 v1.3c Input encoding file
\inpenc@prehook=\toks17
\inpenc@posthook=\toks18
) (c:/texlive/2018/texmf-dist/tex/latex/base/fontenc.sty
Package: fontenc 2018/08/11 v2.0j Standard LaTeX package
)) (c:/texlive/2018/texmf-dist/tex/latex/cjk/texinput/CJKspace.sty
Package: CJKspace 2015/04/18 3.8.0
) (c:/texlive/2018/texmf-dist/tex/latex/cjkpunct/CJKpunct.sty
Package: CJKpunct 2016/05/14 4.8.4
\CJKpunct@cnta=\count95
\CJKpunct@cntb=\count96
\CJKpunct@cntc=\count97
\CJKpunct@cntd=\count98
\CJKpunct@cnte=\count99
   defining Unicode char U+2018 (decimal 8216)
   defining Unicode char U+2019 (decimal 8217)
   defining Unicode char U+201C (decimal 8220)
   defining Unicode char U+201D (decimal 8221)
   defining Unicode char U+2014 (decimal 8212)
   defining Unicode char U+2026 (decimal 8230)
 (c:/texlive/2018/texmf-dist/tex/latex/cjkpunct/CJKpunct.spa)) (c:/texlive/2018/texmf-dist/tex/latex/etoolbox/etoolbox.sty
Package: etoolbox 2018/08/19 v2.5f e-TeX tools for LaTeX (JAW)
\etb@tempcnta=\count100
) (c:/texlive/2018/texmf-dist/tex/latex/cjk/texinput/UTF8/UTF8.bdg
File: UTF8.bdg 2015/04/18 4.8.4
))
\jsKanjiSkip=\skip47
\jsXKanjiSkip=\skip48
)) (c:/texlive/2018/texmf-dist/tex/latex/graphics/graphicx.sty
Package: graphicx 2017/06/01 v1.1a Enhanced LaTeX Graphics (DPC,SPQR)
 (c:/texlive/2018/texmf-dist/tex/latex/graphics/graphics.sty
Package: graphics 2017/06/25 v1.2c Standard LaTeX Graphics (DPC,SPQR)
 (c:/texlive/2018/texmf-dist/tex/latex/graphics/trig.sty
Package: trig 2016/01/03 v1.10 sin cos tan (DPC)
) (c:/texlive/2018/texmf-dist/tex/latex/graphics-cfg/graphics.cfg
File: graphics.cfg 2016/06/04 v1.11 sample graphics configuration
)
Package graphics Info: Driver file: pdftex.def on input line 99.
 (c:/texlive/2018/texmf-dist/tex/latex/graphics-def/pdftex.def
File: pdftex.def 2018/01/08 v1.0l Graphics/color driver for pdftex
))
\Gin@req@height=\dimen126
\Gin@req@width=\dimen127
) (c:/texlive/2018/texmf-dist/tex/latex/graphics/color.sty
Package: color 2016/07/10 v1.1e Standard LaTeX Color (DPC)
 (c:/texlive/2018/texmf-dist/tex/latex/graphics-cfg/color.cfg
File: color.cfg 2016/01/02 v1.6 sample color configuration
)
Package color Info: Driver file: pdftex.def on input line 147.
) (c:/texlive/2018/texmf-dist/tex/latex/amsmath/amsmath.sty
Package: amsmath 2018/12/01 v2.17b AMS math features
\@mathmargin=\skip49

For additional information on amsmath, use the `?' option.
(c:/texlive/2018/texmf-dist/tex/latex/amsmath/amstext.sty
Package: amstext 2000/06/29 v2.01 AMS text
 (c:/texlive/2018/texmf-dist/tex/latex/amsmath/amsgen.sty
File: amsgen.sty 1999/11/30 v2.0 generic functions
\@emptytoks=\toks19
\ex@=\dimen128
)) (c:/texlive/2018/texmf-dist/tex/latex/amsmath/amsbsy.sty
Package: amsbsy 1999/11/29 v1.2d Bold Symbols
\pmbraise@=\dimen129
) (c:/texlive/2018/texmf-dist/tex/latex/amsmath/amsopn.sty
Package: amsopn 2016/03/08 v2.02 operator names
)
\inf@bad=\count101
LaTeX Info: Redefining \frac on input line 223.
\uproot@=\count102
\leftroot@=\count103
LaTeX Info: Redefining \overline on input line 385.
\classnum@=\count104
\DOTSCASE@=\count105
LaTeX Info: Redefining \ldots on input line 482.
LaTeX Info: Redefining \dots on input line 485.
LaTeX Info: Redefining \cdots on input line 606.
\Mathstrutbox@=\box29
\strutbox@=\box30
\big@size=\dimen130
LaTeX Font Info:    Redeclaring font encoding OML on input line 729.
LaTeX Font Info:    Redeclaring font encoding OMS on input line 730.
\macc@depth=\count106
\c@MaxMatrixCols=\count107
\dotsspace@=\muskip10
\c@parentequation=\count108
\dspbrk@lvl=\count109
\tag@help=\toks20
\row@=\count110
\column@=\count111
\maxfields@=\count112
\andhelp@=\toks21
\eqnshift@=\dimen131
\alignsep@=\dimen132
\tagshift@=\dimen133
\tagwidth@=\dimen134
\totwidth@=\dimen135
\lineht@=\dimen136
\@envbody=\toks22
\multlinegap=\skip50
\multlinetaggap=\skip51
\mathdisplay@stack=\toks23
LaTeX Info: Redefining \[ on input line 2844.
LaTeX Info: Redefining \] on input line 2845.
) (c:/texlive/2018/texmf-dist/tex/latex/amsfonts/amssymb.sty
Package: amssymb 2013/01/14 v3.01 AMS font symbols
 (c:/texlive/2018/texmf-dist/tex/latex/amsfonts/amsfonts.sty
Package: amsfonts 2013/01/14 v3.01 Basic AMSFonts support
\symAMSa=\mathgroup4
\symAMSb=\mathgroup5
LaTeX Font Info:    Overwriting math alphabet `\mathfrak' in version `bold'
(Font)                  U/euf/m/n --> U/euf/b/n on input line 106.
)) (c:/texlive/2018/texmf-dist/tex/latex/setspace/setspace.sty
Package: setspace 2011/12/19 v6.7a set line spacing
) (c:/texlive/2018/texmf-dist/tex/latex/cases/cases.sty
Package: cases 2002/05/02 ver 2.5 
) (c:/texlive/2018/texmf-dist/tex/latex/here/here.sty) (c:/texlive/2018/texmf-dist/tex/latex/float/float.sty
Package: float 2001/11/08 v1.3d Float enhancements (AL)
\c@float@type=\count113
\float@exts=\toks24
\float@box=\box31
\@float@everytoks=\toks25
\@floatcapt=\box32
) (c:/texlive/2018/texmf-dist/tex/latex/fancyhdr/fancyhdr.sty
Package: fancyhdr 2019/01/31 v3.10 Extensive control of page headers and footers
\f@nch@headwidth=\skip52
\f@nch@O@elh=\skip53
\f@nch@O@erh=\skip54
\f@nch@O@olh=\skip55
\f@nch@O@orh=\skip56
\f@nch@O@elf=\skip57
\f@nch@O@erf=\skip58
\f@nch@O@olf=\skip59
\f@nch@O@orf=\skip60
) (c:/texlive/2018/texmf-dist/tex/latex/ascmac/ascmac.sty
Package: ascmac 2018/03/09 v2.0h ascmac wrapper (community edition) 
 (c:/texlive/2018/texmf-dist/tex/latex/ascmac/tascmac.sty
Package: tascmac 2018/03/09 v2.0h ascmac package (community edition) 
Package tascmac Info: Assuming pdfLaTeX, XeLaTeX or LuaLaTeX on input line 44.
{c:/texlive/2018/texmf-var/fonts/map/pdftex/updmap/pdftex.map}
\scb@x=\box33
\scscb@x=\box34
\@bw=\dimen137
\@nbox=\box35
\@nbody=\box36
\@scw=\dimen138
\ascmac@hoboxa=\box37
\ascmac@hoboxb=\box38
\@itemh=\dimen139
\@iboxpos=\toks26
\@iboxstr=\box39
\@bwsp=\box40
\@@bwsp=\box41
\@bcal=\count114
\shaderule=\dimen140
)) (c:/texlive/2018/texmf-dist/tex/latex/graphics/lscape.sty
Package: lscape 2000/10/22 v3.01 Landscape Pages (DPC)
)) (c:/Users/ryoga/Documents/ClassExperiment/5th/4_1/text.aux)
\openout1 = `text.aux'.

LaTeX Font Info:    Checking defaults for OML/cmm/m/it on input line 2.
LaTeX Font Info:    ... okay on input line 2.
LaTeX Font Info:    Checking defaults for T1/cmr/m/n on input line 2.
LaTeX Font Info:    ... okay on input line 2.
LaTeX Font Info:    Checking defaults for OT1/cmr/m/n on input line 2.
LaTeX Font Info:    ... okay on input line 2.
LaTeX Font Info:    Checking defaults for OMS/cmsy/m/n on input line 2.
LaTeX Font Info:    ... okay on input line 2.
LaTeX Font Info:    Checking defaults for OMX/cmex/m/n on input line 2.
LaTeX Font Info:    ... okay on input line 2.
LaTeX Font Info:    Checking defaults for U/cmr/m/n on input line 2.
LaTeX Font Info:    ... okay on input line 2.
LaTeX Font Info:    Checking defaults for C00/song/m/n on input line 2.
LaTeX Font Info:    ... okay on input line 2.
LaTeX Font Info:    Checking defaults for C05/song/m/n on input line 2.
LaTeX Font Info:    ... okay on input line 2.
LaTeX Font Info:    Checking defaults for C09/song/m/n on input line 2.
LaTeX Font Info:    ... okay on input line 2.
LaTeX Font Info:    Checking defaults for C10/song/m/n on input line 2.
LaTeX Font Info:    ... okay on input line 2.
LaTeX Font Info:    Checking defaults for C20/song/m/n on input line 2.
LaTeX Font Info:    ... okay on input line 2.
LaTeX Font Info:    Checking defaults for C19/song/m/n on input line 2.
LaTeX Font Info:    ... okay on input line 2.
LaTeX Font Info:    Checking defaults for C40/song/m/n on input line 2.
LaTeX Font Info:    ... okay on input line 2.
LaTeX Font Info:    Checking defaults for C42/song/m/n on input line 2.
LaTeX Font Info:    ... okay on input line 2.
LaTeX Font Info:    Checking defaults for C43/song/m/n on input line 2.
LaTeX Font Info:    ... okay on input line 2.
LaTeX Font Info:    Checking defaults for C50/song/m/n on input line 2.
LaTeX Font Info:    ... okay on input line 2.
LaTeX Font Info:    Checking defaults for C52/song/m/n on input line 2.
LaTeX Font Info:    ... okay on input line 2.
LaTeX Font Info:    Checking defaults for C49/song/m/n on input line 2.
LaTeX Font Info:    ... okay on input line 2.
LaTeX Font Info:    Checking defaults for C60/mj/m/n on input line 2.
LaTeX Font Info:    ... okay on input line 2.
LaTeX Font Info:    Checking defaults for C61/mj/m/n on input line 2.
LaTeX Font Info:    ... okay on input line 2.
LaTeX Font Info:    Checking defaults for C63/mj/m/n on input line 2.
LaTeX Font Info:    ... okay on input line 2.
LaTeX Font Info:    Checking defaults for C64/mj/m/n on input line 2.
LaTeX Font Info:    ... okay on input line 2.
LaTeX Font Info:    Checking defaults for C65/mj/m/n on input line 2.
LaTeX Font Info:    ... okay on input line 2.
LaTeX Font Info:    Checking defaults for C70/song/m/n on input line 2.
LaTeX Font Info:    ... okay on input line 2.
LaTeX Font Info:    Checking defaults for C31/song/m/n on input line 2.
LaTeX Font Info:    ... okay on input line 2.
LaTeX Font Info:    Checking defaults for C32/song/m/n on input line 2.
LaTeX Font Info:    ... okay on input line 2.
LaTeX Font Info:    Checking defaults for C33/song/m/n on input line 2.
LaTeX Font Info:    ... okay on input line 2.
LaTeX Font Info:    Checking defaults for C34/song/m/n on input line 2.
LaTeX Font Info:    ... okay on input line 2.
LaTeX Font Info:    Checking defaults for C35/song/m/n on input line 2.
LaTeX Font Info:    ... okay on input line 2.
LaTeX Font Info:    Checking defaults for C36/song/m/n on input line 2.
LaTeX Font Info:    ... okay on input line 2.
LaTeX Font Info:    Checking defaults for C37/song/m/n on input line 2.
LaTeX Font Info:    ... okay on input line 2.
LaTeX Font Info:    Checking defaults for C80/song/m/n on input line 2.
LaTeX Font Info:    ... okay on input line 2.
LaTeX Font Info:    Checking defaults for C81/song/m/n on input line 2.
LaTeX Font Info:    ... okay on input line 2.
LaTeX Font Info:    Checking defaults for C01/song/m/n on input line 2.
LaTeX Font Info:    ... okay on input line 2.
LaTeX Font Info:    Checking defaults for C11/song/m/n on input line 2.
LaTeX Font Info:    ... okay on input line 2.
LaTeX Font Info:    Checking defaults for C21/song/m/n on input line 2.
LaTeX Font Info:    ... okay on input line 2.
LaTeX Font Info:    Checking defaults for C41/song/m/n on input line 2.
LaTeX Font Info:    ... okay on input line 2.
LaTeX Font Info:    Checking defaults for C62/song/m/n on input line 2.
LaTeX Font Info:    ... okay on input line 2.
Package bxjsarticle Info: Patch to fancyhdr is applied.

*geometry* driver: auto-detecting
*geometry* detected driver: pdftex
*geometry* verbose mode - [ preamble ] result:
* driver: pdftex
* paper: a4paper
* layout: <same size as paper>
* layoutoffset:(h,v)=(0.0pt,0.0pt)
* hratio: 1:1
* vratio: 1:1
* modes: includehead includefoot truedimen 
* h-part:(L,W,R)=(71.70259pt, 454.10269pt, 71.70259pt)
* v-part:(T,H,B)=(71.8282pt, 701.39043pt, 71.82822pt)
* \paperwidth=597.50787pt
* \paperheight=845.04684pt
* \textwidth=453.10944pt
* \textheight=704.0pt
* \oddsidemargin=0.0pt
* \evensidemargin=0.0pt
* \topmargin=-21.68121pt
* \headheight=20.0pt
* \headsep=18.45792pt
* \topskip=10.0pt
* \footskip=28.45792pt
* \marginparwidth=18.49426pt
* \marginparsep=18.49426pt
* \columnsep=18.49426pt
* \skip\footins=16.0pt plus 5.0pt minus 2.0pt
* \hoffset=0.0pt
* \voffset=0.0pt
* \mag=1000
* \@twocolumnfalse
* \@twosidefalse
* \@mparswitchfalse
* \@reversemarginfalse
* (1in=72.27pt=25.4mm, 1cm=28.453pt)

(c:/texlive/2018/texmf-dist/tex/latex/cjk/texinput/UTF8/UTF8.enc
File: UTF8.enc 2015/04/18 4.8.4
) (c:/texlive/2018/texmf-dist/tex/latex/cjk/texinput/UTF8/UTF8.chr
File: UTF8.chr 2015/04/18 4.8.4
) (c:/texlive/2018/texmf-dist/tex/context/base/mkii/supp-pdf.mkii
[Loading MPS to PDF converter (version 2006.09.02).]
\scratchcounter=\count115
\scratchdimen=\dimen141
\scratchbox=\box42
\nofMPsegments=\count116
\nofMParguments=\count117
\everyMPshowfont=\toks27
\MPscratchCnt=\count118
\MPscratchDim=\dimen142
\MPnumerator=\count119
\makeMPintoPDFobject=\count120
\everyMPtoPDFconversion=\toks28
) (c:/texlive/2018/texmf-dist/tex/latex/oberdiek/epstopdf-base.sty
Package: epstopdf-base 2016/05/15 v2.6 Base part for package epstopdf
 (c:/texlive/2018/texmf-dist/tex/generic/oberdiek/infwarerr.sty
Package: infwarerr 2016/05/16 v1.4 Providing info/warning/error messages (HO)
) (c:/texlive/2018/texmf-dist/tex/latex/oberdiek/grfext.sty
Package: grfext 2016/05/16 v1.2 Manage graphics extensions (HO)
 (c:/texlive/2018/texmf-dist/tex/generic/oberdiek/kvdefinekeys.sty
Package: kvdefinekeys 2016/05/16 v1.4 Define keys (HO)
 (c:/texlive/2018/texmf-dist/tex/generic/oberdiek/ltxcmds.sty
Package: ltxcmds 2016/05/16 v1.23 LaTeX kernel commands for general use (HO)
))) (c:/texlive/2018/texmf-dist/tex/latex/oberdiek/kvoptions.sty
Package: kvoptions 2016/05/16 v3.12 Key value format for package options (HO)
 (c:/texlive/2018/texmf-dist/tex/generic/oberdiek/kvsetkeys.sty
Package: kvsetkeys 2016/05/16 v1.17 Key value parser (HO)
 (c:/texlive/2018/texmf-dist/tex/generic/oberdiek/etexcmds.sty
Package: etexcmds 2016/05/16 v1.6 Avoid name clashes with e-TeX commands (HO)
 (c:/texlive/2018/texmf-dist/tex/generic/oberdiek/ifluatex.sty
Package: ifluatex 2016/05/16 v1.4 Provides the ifluatex switch (HO)
Package ifluatex Info: LuaTeX not detected.
)
Package etexcmds Info: Could not find \expanded.
(etexcmds)             That can mean that you are not using pdfTeX 1.50 or
(etexcmds)             that some package has redefined \expanded.
(etexcmds)             In the latter case, load this package earlier.
))) (c:/texlive/2018/texmf-dist/tex/generic/oberdiek/pdftexcmds.sty
Package: pdftexcmds 2018/09/10 v0.29 Utility functions of pdfTeX for LuaTeX (HO)
Package pdftexcmds Info: LuaTeX not detected.
Package pdftexcmds Info: \pdf@primitive is available.
Package pdftexcmds Info: \pdf@ifprimitive is available.
Package pdftexcmds Info: \pdfdraftmode found.
)
Package epstopdf-base Info: Redefining graphics rule for `.eps' on input line 438.
Package grfext Info: Graphics extension search list:
(grfext)             [.pdf,.png,.jpg,.mps,.jpeg,.jbig2,.jb2,.PDF,.PNG,.JPG,.JPEG,.JBIG2,.JB2,.eps]
(grfext)             \AppendGraphicsExtensions on input line 456.
 (c:/texlive/2018/texmf-dist/tex/latex/latexconfig/epstopdf-sys.cfg
File: epstopdf-sys.cfg 2010/07/13 v1.3 Configuration of (r)epstopdf for TeX Live
))
LaTeX Font Info:    Font shape `C70/gt/m/n' will be
(Font)              scaled to size 13.31586pt on input line 7.
LaTeX Font Info:    Font shape `C70/mc/m/n' will be
(Font)              scaled to size 9.24713pt on input line 9.
LaTeX Font Info:    Font shape `C70/mc/m/n' will be
(Font)              scaled to size 9.24713pt on input line 9.
LaTeX Font Info:    Font shape `C70/mc/m/n' will be
(Font)              scaled to size 9.24713pt on input line 9.
Package CJKpunct Info: punctuation spaces for family 'mc' do not exist. Use family 'def' instead. on input line 9.
LaTeX Font Info:    Font shape `C70/mc/m/n' will be
(Font)              scaled to size 9.24713pt on input line 9.
LaTeX Font Info:    Font shape `C70/mc/m/n' will be
(Font)              scaled to size 9.24713pt on input line 9.
LaTeX Font Info:    Font shape `C70/mc/m/n' will be
(Font)              scaled to size 9.24713pt on input line 9.
LaTeX Font Info:    Font shape `C70/mc/m/n' will be
(Font)              scaled to size 9.24713pt on input line 9.
LaTeX Font Info:    Font shape `C70/mc/m/n' will be
(Font)              scaled to size 9.24713pt on input line 9.
LaTeX Font Info:    Font shape `C70/mc/m/n' will be
(Font)              scaled to size 9.24713pt on input line 9.
LaTeX Font Info:    Font shape `C70/mc/m/n' will be
(Font)              scaled to size 9.24713pt on input line 9.
LaTeX Font Info:    Font shape `C70/mc/m/n' will be
(Font)              scaled to size 9.24713pt on input line 9.
LaTeX Font Info:    Font shape `C70/mc/m/n' will be
(Font)              scaled to size 9.24713pt on input line 9.
LaTeX Font Info:    Font shape `C70/mc/m/n' will be
(Font)              scaled to size 9.24713pt on input line 9.
LaTeX Font Info:    Font shape `C70/mc/m/n' will be
(Font)              scaled to size 9.24713pt on input line 9.
LaTeX Font Info:    Font shape `C70/mc/m/n' will be
(Font)              scaled to size 9.24713pt on input line 9.
LaTeX Font Info:    Font shape `C70/mc/m/n' will be
(Font)              scaled to size 9.24713pt on input line 10.
LaTeX Font Info:    Font shape `C70/mc/m/n' will be
(Font)              scaled to size 9.24713pt on input line 10.
LaTeX Font Info:    Font shape `C70/mc/m/n' will be
(Font)              scaled to size 9.24713pt on input line 10.
LaTeX Font Info:    Font shape `C70/mc/m/n' will be
(Font)              scaled to size 9.24713pt on input line 10.
LaTeX Font Info:    Font shape `C70/gt/m/n' will be
(Font)              scaled to size 13.31586pt on input line 13.
LaTeX Font Info:    Font shape `C70/gt/m/n' will be
(Font)              scaled to size 13.31586pt on input line 13.
LaTeX Font Info:    Font shape `C70/gt/m/n' will be
(Font)              scaled to size 11.09656pt on input line 14.
LaTeX Font Info:    Font shape `C70/gt/m/n' will be
(Font)              scaled to size 11.09656pt on input line 14.
LaTeX Font Info:    Font shape `C70/gt/m/n' will be
(Font)              scaled to size 11.09656pt on input line 14.
LaTeX Font Info:    Font shape `C70/gt/m/n' will be
(Font)              scaled to size 11.09656pt on input line 14.
LaTeX Font Info:    Font shape `C70/mc/m/n' will be
(Font)              scaled to size 9.24713pt on input line 15.
LaTeX Font Info:    Font shape `C70/mc/m/n' will be
(Font)              scaled to size 9.24713pt on input line 15.
LaTeX Font Info:    Font shape `C70/mc/m/n' will be
(Font)              scaled to size 9.24713pt on input line 15.
LaTeX Font Info:    Font shape `C70/mc/m/n' will be
(Font)              scaled to size 9.24713pt on input line 15.
LaTeX Font Info:    Font shape `C70/mc/m/n' will be
(Font)              scaled to size 9.24713pt on input line 15.
LaTeX Font Info:    Font shape `C70/mc/m/n' will be
(Font)              scaled to size 9.24713pt on input line 15.
LaTeX Font Info:    Font shape `C70/mc/m/n' will be
(Font)              scaled to size 9.24713pt on input line 15.
LaTeX Font Info:    Font shape `C70/mc/m/n' will be
(Font)              scaled to size 9.24713pt on input line 15.
LaTeX Font Info:    Font shape `C70/mc/m/n' will be
(Font)              scaled to size 9.24713pt on input line 15.
LaTeX Font Info:    Font shape `C70/mc/m/n' will be
(Font)              scaled to size 9.24713pt on input line 15.
LaTeX Font Info:    Font shape `C70/mc/m/n' will be
(Font)              scaled to size 9.24713pt on input line 15.
LaTeX Font Info:    Font shape `C70/mc/m/n' will be
(Font)              scaled to size 9.24713pt on input line 15.
LaTeX Font Info:    Font shape `C70/mc/m/n' will be
(Font)              scaled to size 9.24713pt on input line 15.
LaTeX Font Info:    Font shape `C70/mc/m/n' will be
(Font)              scaled to size 9.24713pt on input line 15.
LaTeX Font Info:    Font shape `C70/mc/m/n' will be
(Font)              scaled to size 9.24713pt on input line 15.
LaTeX Font Info:    Font shape `C70/mc/m/n' will be
(Font)              scaled to size 9.24713pt on input line 15.
LaTeX Font Info:    Font shape `C70/mc/m/n' will be
(Font)              scaled to size 9.24713pt on input line 15.
LaTeX Font Info:    Font shape `C70/mc/m/n' will be
(Font)              scaled to size 9.24713pt on input line 15.
LaTeX Font Info:    Font shape `C70/mc/m/n' will be
(Font)              scaled to size 9.24713pt on input line 15.
LaTeX Font Info:    Font shape `C70/mc/m/n' will be
(Font)              scaled to size 9.24713pt on input line 15.
LaTeX Font Info:    Font shape `C70/mc/m/n' will be
(Font)              scaled to size 9.24713pt on input line 15.
LaTeX Font Info:    Font shape `C70/mc/m/n' will be
(Font)              scaled to size 9.24713pt on input line 15.
LaTeX Font Info:    Try loading font information for U+msa on input line 15.
 (c:/texlive/2018/texmf-dist/tex/latex/amsfonts/umsa.fd
File: umsa.fd 2013/01/14 v3.01 AMS symbols A
)
LaTeX Font Info:    Try loading font information for U+msb on input line 15.
 (c:/texlive/2018/texmf-dist/tex/latex/amsfonts/umsb.fd
File: umsb.fd 2013/01/14 v3.01 AMS symbols B
)
<./img/fig1.png, id=42, 176.66pt x 124.465pt>
File: ./img/fig1.png Graphic file (type png)
<use ./img/fig1.png>
Package pdftex.def Info: ./img/fig1.png  used on input line 19.
(pdftex.def)             Requested size: 201.939pt x 142.26378pt.
LaTeX Font Info:    Font shape `C70/mc/m/n' will be
(Font)              scaled to size 8.32242pt on input line 20.
LaTeX Font Info:    Font shape `C70/mc/m/n' will be
(Font)              scaled to size 8.32242pt on input line 20.
LaTeX Font Info:    Font shape `C70/mc/m/n' will be
(Font)              scaled to size 8.32242pt on input line 20.
LaTeX Font Info:    Font shape `C70/mc/m/n' will be
(Font)              scaled to size 8.32242pt on input line 20.
LaTeX Font Info:    Font shape `C70/mc/m/n' will be
(Font)              scaled to size 9.24713pt on input line 27.
LaTeX Font Info:    Font shape `C70/mc/m/n' will be
(Font)              scaled to size 9.24713pt on input line 27.
LaTeX Font Info:    Font shape `C70/mc/m/n' will be
(Font)              scaled to size 9.24713pt on input line 28.
LaTeX Font Info:    Font shape `C70/mc/m/n' will be
(Font)              scaled to size 9.24713pt on input line 28.
LaTeX Font Info:    Font shape `C70/gt/m/n' will be
(Font)              scaled to size 11.09656pt on input line 33.
LaTeX Font Info:    Font shape `C70/gt/m/n' will be
(Font)              scaled to size 11.09656pt on input line 33.
LaTeX Font Info:    Font shape `C70/gt/m/n' will be
(Font)              scaled to size 11.09656pt on input line 33.
LaTeX Font Info:    Font shape `C70/mc/m/n' will be
(Font)              scaled to size 9.24713pt on input line 34.
LaTeX Font Info:    Font shape `C70/mc/m/n' will be
(Font)              scaled to size 9.24713pt on input line 34.
LaTeX Font Info:    Font shape `C70/mc/m/n' will be
(Font)              scaled to size 9.24713pt on input line 34.
LaTeX Font Info:    Font shape `C70/mc/m/n' will be
(Font)              scaled to size 9.24713pt on input line 34.
LaTeX Font Info:    Font shape `C70/mc/m/n' will be
(Font)              scaled to size 9.24713pt on input line 34.
<./img/fig2.png, id=53, 416.55624pt x 163.61125pt>
File: ./img/fig2.png Graphic file (type png)
<use ./img/fig2.png>
Package pdftex.def Info: ./img/fig2.png  used on input line 39.
(pdftex.def)             Requested size: 362.20396pt x 142.26378pt.
LaTeX Font Info:    Font shape `C70/mc/m/n' will be
(Font)              scaled to size 8.32242pt on input line 40.
LaTeX Font Info:    Font shape `C70/mc/m/n' will be
(Font)              scaled to size 8.32242pt on input line 40.
LaTeX Font Info:    Font shape `C70/mc/m/n' will be
(Font)              scaled to size 9.24713pt on input line 42.
LaTeX Font Info:    Font shape `C70/mc/m/n' will be
(Font)              scaled to size 9.24713pt on input line 42.
LaTeX Font Info:    Font shape `C70/mc/m/n' will be
(Font)              scaled to size 9.24713pt on input line 42.
LaTeX Font Info:    Font shape `C70/mc/m/n' will be
(Font)              scaled to size 9.24713pt on input line 42.
 [1

 <./img/fig1.png
!pdfTeX error: pdflatex.exe (file ./img/fig1.png): fflush() failed (Invalid argument)
 ==> Fatal error occurred, no output PDF file produced!
